<?xml version="1.0" encoding="UTF-8"?>
<testng-results skipped="0" failed="0" ignored="0" total="2" passed="2">
  <reporter-output>
    <line>
      <![CDATA[Remo Running Succesffully]]>
    </line>
    <line>
      <![CDATA[Demo Running Succesffully]]>
    </line>
  </reporter-output>
  <suite name="Suite" duration-ms="49" started-at="2021-02-26T14:09:24 IST" finished-at="2021-02-26T14:09:24 IST">
    <groups>
    </groups>
    <test name="Test" duration-ms="49" started-at="2021-02-26T14:09:24 IST" finished-at="2021-02-26T14:09:24 IST">
      <class name="com.flipkart.cart.Demo">
        <test-method status="PASS" signature="testMethod()[pri:0, instance:com.flipkart.cart.Demo@23fe1d71]" name="testMethod" duration-ms="1" started-at="2021-02-26T14:09:24 IST" finished-at="2021-02-26T14:09:24 IST">
          <reporter-output>
            <line>
              <![CDATA[Demo Running Succesffully]]>
            </line>
          </reporter-output>
        </test-method> <!-- testMethod -->
      </class> <!-- com.flipkart.cart.Demo -->
      <class name="com.flipkart.products.Remo">
        <test-method status="PASS" signature="testMethod()[pri:0, instance:com.flipkart.products.Remo@74a10858]" name="testMethod" duration-ms="6" started-at="2021-02-26T14:09:24 IST" finished-at="2021-02-26T14:09:24 IST">
          <reporter-output>
            <line>
              <![CDATA[Remo Running Succesffully]]>
            </line>
          </reporter-output>
        </test-method> <!-- testMethod -->
      </class> <!-- com.flipkart.products.Remo -->
    </test> <!-- Test -->
  </suite> <!-- Suite -->
</testng-results>
